20:01:05.992 [TestNG-tests-1] INFO  pages.HomePage - TCs data is loaded
20:01:09.968 [TestNG-tests-2] INFO  pages.HomePage - Step 1: Write the name, email and password data in the respective boxes
20:01:10.005 [TestNG-tests-2] DEBUG pages.HomePage - Name sent
20:01:10.025 [TestNG-tests-2] DEBUG pages.HomePage - Email sent
20:01:10.037 [TestNG-tests-2] DEBUG pages.HomePage - Password sent
20:01:10.037 [TestNG-tests-2] INFO  pages.HomePage - Step 2: Select the Ice Cream, Gender and Employed options
20:01:10.262 [TestNG-tests-2] DEBUG pages.HomePage - Ice Cream box checked
20:01:10.378 [TestNG-tests-1] INFO  pages.HomePage - Step 1: Write the name, email and password data in the respective boxes
20:01:10.406 [TestNG-tests-1] DEBUG pages.HomePage - Name sent
20:01:10.421 [TestNG-tests-1] DEBUG pages.HomePage - Email sent
20:01:10.430 [TestNG-tests-1] DEBUG pages.HomePage - Password sent
20:01:10.430 [TestNG-tests-1] INFO  pages.HomePage - Step 2: Select the Ice Cream, Gender and Employed options
20:01:10.499 [TestNG-tests-2] DEBUG pages.HomePage - Gender selected
20:01:10.723 [TestNG-tests-2] DEBUG pages.HomePage - Employed button clicked
20:01:10.723 [TestNG-tests-2] INFO  pages.HomePage - Step 3: Submit the form
20:01:10.965 [TestNG-tests-2] INFO  pages.HomePage - Successfully submission
20:01:10.965 [TestNG-tests-2] INFO  pages.HomePage - Step 4: Navigating to Shop Page
20:01:11.154 [TestNG-tests-1] DEBUG pages.HomePage - Ice Cream box checked
20:01:11.175 [TestNG-tests-1] DEBUG pages.HomePage - Gender selected
20:01:11.581 [TestNG-tests-1] DEBUG pages.HomePage - Employed button clicked
20:01:11.582 [TestNG-tests-1] INFO  pages.HomePage - Step 3: Submit the form
20:01:12.325 [TestNG-tests-1] INFO  pages.HomePage - Successfully submission
20:01:12.723 [TestNG-tests-1] INFO  pages.HomePage - Driver is closed
20:01:12.743 [TestNG-tests-2] INFO  pages.HomePage - Step 5: Buy a Nokia Edge smartphone
20:01:13.719 [TestNG-tests-2] INFO  pages.HomePage - Step 6: Go to Checkout Page
20:01:14.215 [TestNG-tests-2] INFO  pages.HomePage - Step 7: Select a country as location for delivery
20:01:14.374 [TestNG-tests-1] INFO  pages.HomePage - Driver is initialized.
20:01:14.376 [TestNG-tests-1] DEBUG org.apache.poi.openxml4j.opc.PackageRelationshipCollection - Parsing relationship: /xl/_rels/workbook.xml.rels
20:01:14.377 [TestNG-tests-1] DEBUG org.apache.poi.openxml4j.opc.PackageRelationshipCollection - Parsing relationship: /xl/worksheets/_rels/sheet1.xml.rels
20:01:14.377 [TestNG-tests-1] DEBUG org.apache.poi.openxml4j.opc.PackageRelationshipCollection - Parsing relationship: /_rels/.rels
20:01:14.396 [TestNG-tests-1] DEBUG org.apache.poi.openxml4j.opc.PackageRelationshipCollection - Parsing relationship: /xl/_rels/workbook.xml.rels
20:01:14.397 [TestNG-tests-1] DEBUG org.apache.poi.openxml4j.opc.PackageRelationshipCollection - Parsing relationship: /xl/worksheets/_rels/sheet1.xml.rels
20:01:14.397 [TestNG-tests-1] DEBUG org.apache.poi.openxml4j.opc.PackageRelationshipCollection - Parsing relationship: /_rels/.rels
20:01:14.409 [TestNG-tests-1] INFO  pages.HomePage - TCs data is loaded
20:01:18.124 [TestNG-tests-1] INFO  pages.HomePage - Step 1: Write the name and email data in the respective boxes
20:01:18.154 [TestNG-tests-1] DEBUG pages.HomePage - Name sent
20:01:18.170 [TestNG-tests-1] DEBUG pages.HomePage - Email sent
20:01:18.170 [TestNG-tests-1] INFO  pages.HomePage - Step 2: Select the Ice Cream, Gender and Employed options
20:01:18.387 [TestNG-tests-1] DEBUG pages.HomePage - Ice Cream box checked
20:01:18.408 [TestNG-tests-1] DEBUG pages.HomePage - Gender selected
20:01:18.620 [TestNG-tests-1] DEBUG pages.HomePage - Employed button clicked
20:01:18.621 [TestNG-tests-1] INFO  pages.HomePage - Step 3: Submit the form
20:01:18.854 [TestNG-tests-1] INFO  pages.HomePage - Successfully submission
20:01:19.260 [TestNG-tests-1] INFO  pages.HomePage - Driver is closed
20:01:19.458 [TestNG-tests-2] DEBUG pages.HomePage - Country sent and selected
20:01:19.458 [TestNG-tests-2] INFO  pages.HomePage - Step 8: Accept the conditions and terms. And buy the item.
20:01:19.897 [TestNG-tests-2] INFO  pages.HomePage - Successfully purchase
20:01:20.311 [TestNG-tests-2] INFO  pages.HomePage - Driver is closed
